生成启动时间为 2014/8/28 23:34:25。
     1>项目“F:\Visual Studio Project\MyStudy\MyWinDraw\MyWinDraw.vcxproj”在节点 2 上(Build 个目标)。
     1>ClCompile:
         D:\Program Files (x86)\Microsoft Visual Studio 12.0\VC\bin\CL.exe /c /Zi /nologo /W3 /WX- /sdl /O2 /Oi /Oy- /GL /D _MBCS /Gm- /EHsc /MT /GS /Gy /fp:precise /Zc:wchar_t /Zc:forScope /Fo"Release\\" /Fd"Release\vc120.pdb" /Gd /TP /analyze- /errorReport:prompt classes\ImageMgr.cpp classes\MApplication.cpp classes\MCommonFunction.cpp classes\MDirector.cpp classes\MNode.cpp classes\MObject.cpp classes\MScene.cpp classes\MSchedule.cpp classes\MyGraphics.cpp game\Applegate.cpp game\HelloWorld.cpp win32\main.cpp win32\MWindow.cpp
         ImageMgr.cpp
         MApplication.cpp
         MCommonFunction.cpp
         MDirector.cpp
         MNode.cpp
         MObject.cpp
         MScene.cpp
         MSchedule.cpp
         MyGraphics.cpp
         Applegate.cpp
         HelloWorld.cpp
     1>game\HelloWorld.cpp(23): warning C4244: “=”: 从“float”转换到“int”，可能丢失数据
     1>game\HelloWorld.cpp(49): warning C4244: “初始化”: 从“double”转换到“BYTE”，可能丢失数据
     1>game\HelloWorld.cpp(50): warning C4244: “初始化”: 从“float”转换到“BYTE”，可能丢失数据
         main.cpp
         MWindow.cpp
       Link:
         D:\Program Files (x86)\Microsoft Visual Studio 12.0\VC\bin\link.exe /ERRORREPORT:PROMPT /OUT:"F:\Visual Studio Project\MyStudy\Release\MyWinDraw.exe" /NOLOGO kernel32.lib user32.lib gdi32.lib winspool.lib comdlg32.lib advapi32.lib shell32.lib ole32.lib oleaut32.lib uuid.lib odbc32.lib odbccp32.lib /MANIFEST /MANIFESTUAC:"level='asInvoker' uiAccess='false'" /manifest:embed /DEBUG /PDB:"F:\Visual Studio Project\MyStudy\Release\MyWinDraw.pdb" /OPT:REF /OPT:ICF /LTCG /TLBID:1 /DYNAMICBASE /NXCOMPAT /IMPLIB:"F:\Visual Studio Project\MyStudy\Release\MyWinDraw.lib" /MACHINE:X86 /SAFESEH Release\Resource.res
         Release\ImageMgr.obj
         Release\MApplication.obj
         Release\MCommonFunction.obj
         Release\MDirector.obj
         Release\MNode.obj
         Release\MObject.obj
         Release\MScene.obj
         Release\MSchedule.obj
         Release\MyGraphics.obj
         Release\Applegate.obj
         Release\HelloWorld.obj
         Release\main.obj
         Release\MWindow.obj
         正在生成代码
         已完成代码的生成
         MyWinDraw.vcxproj -> F:\Visual Studio Project\MyStudy\Release\MyWinDraw.exe
     1>已完成生成项目“F:\Visual Studio Project\MyStudy\MyWinDraw\MyWinDraw.vcxproj”(Build 个目标)的操作。

生成成功。

已用时间 00:00:11.05
