  MWindow.cpp
  main.cpp
  HelloWorld.cpp
d:\study\github\mystudy\mywindraw\game\helloworld.cpp(26): warning C4244: “=”: 从“float”转换到“int”，可能丢失数据
d:\study\github\mystudy\mywindraw\game\helloworld.cpp(44): warning C4244: “参数”: 从“time_t”转换到“unsigned int”，可能丢失数据
d:\study\github\mystudy\mywindraw\game\helloworld.cpp(82): warning C4244: “初始化”: 从“double”转换到“BYTE”，可能丢失数据
d:\study\github\mystudy\mywindraw\game\helloworld.cpp(83): warning C4244: “初始化”: 从“float”转换到“BYTE”，可能丢失数据
d:\study\github\mystudy\mywindraw\game\helloworld.cpp(106): warning C4244: “=”: 从“int”转换到“float”，可能丢失数据
d:\study\github\mystudy\mywindraw\game\helloworld.cpp(107): warning C4244: “=”: 从“int”转换到“float”，可能丢失数据
d:\study\github\mystudy\mywindraw\game\helloworld.cpp(119): warning C4244: “=”: 从“int”转换到“float”，可能丢失数据
d:\study\github\mystudy\mywindraw\game\helloworld.cpp(120): warning C4244: “=”: 从“int”转换到“float”，可能丢失数据
  Applegate.cpp
  MyGraphics.cpp
  MTouchControl.cpp
  MSprite.cpp
  MSchedule.cpp
  MScene.cpp
  MObject.cpp
  MNode.cpp
  MLabel.cpp
  MSpriteImpl.cpp
  MLabelImpl.cpp
  MDirector.cpp
  MCommonFunction.cpp
  MApplication.cpp
  ImageMgr.cpp
  正在生成代码...
  MyWinDraw.vcxproj -> D:\Study\github\MyStudy\Debug\MyWinDraw.exe
