f:\visual studio project\mystudy\mywindraw\debug\vc120.pdb
f:\visual studio project\mystudy\mywindraw\debug\vc120.idb
f:\visual studio project\mystudy\mywindraw\debug\imagemgr.obj
f:\visual studio project\mystudy\mywindraw\debug\mapplication.obj
f:\visual studio project\mystudy\mywindraw\debug\mcommonfunction.obj
f:\visual studio project\mystudy\mywindraw\debug\mdirector.obj
f:\visual studio project\mystudy\mywindraw\debug\mnode.obj
f:\visual studio project\mystudy\mywindraw\debug\mobject.obj
f:\visual studio project\mystudy\mywindraw\debug\mscene.obj
f:\visual studio project\mystudy\mywindraw\debug\mschedule.obj
f:\visual studio project\mystudy\mywindraw\debug\mygraphics.obj
f:\visual studio project\mystudy\mywindraw\debug\main.obj
f:\visual studio project\mystudy\mywindraw\debug\mwindow.obj
f:\visual studio project\mystudy\mywindraw\debug\mwnddraw.obj
f:\visual studio project\mystudy\mywindraw\debug\resource.res
f:\visual studio project\mystudy\debug\mywindraw.pdb
f:\visual studio project\mystudy\mywindraw\debug\mywindraw.tlog\cl.command.1.tlog
f:\visual studio project\mystudy\mywindraw\debug\mywindraw.tlog\cl.read.1.tlog
f:\visual studio project\mystudy\mywindraw\debug\mywindraw.tlog\cl.write.1.tlog
f:\visual studio project\mystudy\mywindraw\debug\mywindraw.tlog\link-cvtres.read.1.tlog
f:\visual studio project\mystudy\mywindraw\debug\mywindraw.tlog\link-cvtres.write.1.tlog
f:\visual studio project\mystudy\mywindraw\debug\mywindraw.tlog\link-rc.read.1.tlog
f:\visual studio project\mystudy\mywindraw\debug\mywindraw.tlog\link-rc.write.1.tlog
f:\visual studio project\mystudy\mywindraw\debug\mywindraw.tlog\link.command.1.tlog
f:\visual studio project\mystudy\mywindraw\debug\mywindraw.tlog\link.read.1.tlog
f:\visual studio project\mystudy\mywindraw\debug\mywindraw.tlog\link.write.1.tlog
f:\visual studio project\mystudy\mywindraw\debug\mywindraw.tlog\rc.command.1.tlog
f:\visual studio project\mystudy\mywindraw\debug\mywindraw.tlog\rc.read.1.tlog
f:\visual studio project\mystudy\mywindraw\debug\mywindraw.tlog\rc.write.1.tlog
